Performing C SOURCE FILE Test CMAKE_HAVE_LIBC_PTHREAD failed with the following output:
Change Dir: /home/mt/Miller/VSLAM/project/exercises/Ceres_Learning/build/CMakeFiles/CMakeTmp

Run Build Command(s):/usr/bin/make cmTC_d1660/fast && /usr/bin/make -f CMakeFiles/cmTC_d1660.dir/build.make CMakeFiles/cmTC_d1660.dir/build
make[1]: Entering directory '/home/mt/Miller/VSLAM/project/exercises/Ceres_Learning/build/CMakeFiles/CMakeTmp'
Building C object CMakeFiles/cmTC_d1660.dir/src.c.o
/usr/bin/cc   -DCMAKE_HAVE_LIBC_PTHREAD   -o CMakeFiles/cmTC_d1660.dir/src.c.o   -c /home/mt/Miller/VSLAM/project/exercises/Ceres_Learning/build/CMakeFiles/CMakeTmp/src.c
Linking C executable cmTC_d1660
/usr/bin/cmake -E cmake_link_script CMakeFiles/cmTC_d1660.dir/link.txt --verbose=1
/usr/bin/cc  -DCMAKE_HAVE_LIBC_PTHREAD    -rdynamic CMakeFiles/cmTC_d1660.dir/src.c.o  -o cmTC_d1660 
/usr/bin/ld: CMakeFiles/cmTC_d1660.dir/src.c.o: in function `main':
src.c:(.text+0x46): undefined reference to `pthread_create'
/usr/bin/ld: src.c:(.text+0x52): undefined reference to `pthread_detach'
/usr/bin/ld: src.c:(.text+0x63): undefined reference to `pthread_join'
collect2: error: ld returned 1 exit status
make[1]: *** [CMakeFiles/cmTC_d1660.dir/build.make:87: cmTC_d1660] Error 1
make[1]: Leaving directory '/home/mt/Miller/VSLAM/project/exercises/Ceres_Learning/build/CMakeFiles/CMakeTmp'
make: *** [Makefile:121: cmTC_d1660/fast] Error 2


Source file was:
#include <pthread.h>

void* test_func(void* data)
{
  return data;
}

int main(void)
{
  pthread_t thread;
  pthread_create(&thread, NULL, test_func, NULL);
  pthread_detach(thread);
  pthread_join(thread, NULL);
  pthread_atfork(NULL, NULL, NULL);
  pthread_exit(NULL);

  return 0;
}

Determining if the function pthread_create exists in the pthreads failed with the following output:
Change Dir: /home/mt/Miller/VSLAM/project/exercises/Ceres_Learning/build/CMakeFiles/CMakeTmp

Run Build Command(s):/usr/bin/make cmTC_d1b54/fast && /usr/bin/make -f CMakeFiles/cmTC_d1b54.dir/build.make CMakeFiles/cmTC_d1b54.dir/build
make[1]: Entering directory '/home/mt/Miller/VSLAM/project/exercises/Ceres_Learning/build/CMakeFiles/CMakeTmp'
Building C object CMakeFiles/cmTC_d1b54.dir/CheckFunctionExists.c.o
/usr/bin/cc   -DCHECK_FUNCTION_EXISTS=pthread_create   -o CMakeFiles/cmTC_d1b54.dir/CheckFunctionExists.c.o   -c /usr/share/cmake-3.16/Modules/CheckFunctionExists.c
Linking C executable cmTC_d1b54
/usr/bin/cmake -E cmake_link_script CMakeFiles/cmTC_d1b54.dir/link.txt --verbose=1
/usr/bin/cc  -DCHECK_FUNCTION_EXISTS=pthread_create    -rdynamic CMakeFiles/cmTC_d1b54.dir/CheckFunctionExists.c.o  -o cmTC_d1b54  -lpthreads 
/usr/bin/ld: cannot find -lpthreads
collect2: error: ld returned 1 exit status
make[1]: *** [CMakeFiles/cmTC_d1b54.dir/build.make:87: cmTC_d1b54] Error 1
make[1]: Leaving directory '/home/mt/Miller/VSLAM/project/exercises/Ceres_Learning/build/CMakeFiles/CMakeTmp'
make: *** [Makefile:121: cmTC_d1b54/fast] Error 2



Determining if the function sgemm_ exists failed with the following output:
Change Dir: /home/mt/Miller/VSLAM/project/exercises/Ceres_Learning/build/CMakeFiles/CMakeTmp

Run Build Command(s):/usr/bin/make cmTC_0d1f6/fast && /usr/bin/make -f CMakeFiles/cmTC_0d1f6.dir/build.make CMakeFiles/cmTC_0d1f6.dir/build
make[1]: Entering directory '/home/mt/Miller/VSLAM/project/exercises/Ceres_Learning/build/CMakeFiles/CMakeTmp'
Building C object CMakeFiles/cmTC_0d1f6.dir/CheckFunctionExists.c.o
/usr/bin/cc   -DCHECK_FUNCTION_EXISTS=sgemm_   -o CMakeFiles/cmTC_0d1f6.dir/CheckFunctionExists.c.o   -c /usr/share/cmake-3.16/Modules/CheckFunctionExists.c
Linking C executable cmTC_0d1f6
/usr/bin/cmake -E cmake_link_script CMakeFiles/cmTC_0d1f6.dir/link.txt --verbose=1
/usr/bin/cc  -DCHECK_FUNCTION_EXISTS=sgemm_    -rdynamic CMakeFiles/cmTC_0d1f6.dir/CheckFunctionExists.c.o  -o cmTC_0d1f6 
/usr/bin/ld: CMakeFiles/cmTC_0d1f6.dir/CheckFunctionExists.c.o: in function `main':
CheckFunctionExists.c:(.text+0x14): undefined reference to `sgemm_'
collect2: error: ld returned 1 exit status
make[1]: *** [CMakeFiles/cmTC_0d1f6.dir/build.make:87: cmTC_0d1f6] Error 1
make[1]: Leaving directory '/home/mt/Miller/VSLAM/project/exercises/Ceres_Learning/build/CMakeFiles/CMakeTmp'
make: *** [Makefile:121: cmTC_0d1f6/fast] Error 2



Determining if the function cheev_ exists failed with the following output:
Change Dir: /home/mt/Miller/VSLAM/project/exercises/Ceres_Learning/build/CMakeFiles/CMakeTmp

Run Build Command(s):/usr/bin/make cmTC_b10c2/fast && /usr/bin/make -f CMakeFiles/cmTC_b10c2.dir/build.make CMakeFiles/cmTC_b10c2.dir/build
make[1]: Entering directory '/home/mt/Miller/VSLAM/project/exercises/Ceres_Learning/build/CMakeFiles/CMakeTmp'
Building C object CMakeFiles/cmTC_b10c2.dir/CheckFunctionExists.c.o
/usr/bin/cc   -DCHECK_FUNCTION_EXISTS=cheev_   -o CMakeFiles/cmTC_b10c2.dir/CheckFunctionExists.c.o   -c /usr/share/cmake-3.16/Modules/CheckFunctionExists.c
Linking C executable cmTC_b10c2
/usr/bin/cmake -E cmake_link_script CMakeFiles/cmTC_b10c2.dir/link.txt --verbose=1
/usr/bin/cc  -DCHECK_FUNCTION_EXISTS=cheev_    -rdynamic CMakeFiles/cmTC_b10c2.dir/CheckFunctionExists.c.o  -o cmTC_b10c2  /usr/lib/x86_64-linux-gnu/libf77blas.so /usr/lib/x86_64-linux-gnu/libatlas.so 
/usr/bin/ld: CMakeFiles/cmTC_b10c2.dir/CheckFunctionExists.c.o: in function `main':
CheckFunctionExists.c:(.text+0x14): undefined reference to `cheev_'
collect2: error: ld returned 1 exit status
make[1]: *** [CMakeFiles/cmTC_b10c2.dir/build.make:89: cmTC_b10c2] Error 1
make[1]: Leaving directory '/home/mt/Miller/VSLAM/project/exercises/Ceres_Learning/build/CMakeFiles/CMakeTmp'
make: *** [Makefile:121: cmTC_b10c2/fast] Error 2



